<?xml version="1.0" encoding="UTF-8"?>
<!-- Generated by org.testng.reporters.JUnitReportReporter -->
<testsuite skipped="0" hostname="DEDDFK5H2" name="Tests.Login.Test_LoginInvalid_NoPassword" tests="1" failures="0" timestamp="12 Dec 2020 06:34:48 GMT" time="6.432" errors="0">
  <testcase name="TestLogin" time="6.432" classname="Tests.Login.Test_LoginInvalid_NoPassword"/>
</testsuite> <!-- Tests.Login.Test_LoginInvalid_NoPassword -->
