<?xml version="1.0" encoding="UTF-8"?>
<!-- Generated by org.testng.reporters.JUnitReportReporter -->
<testsuite skipped="0" hostname="DEDDFK5H2" name="Tests.Tests.Dashboard.Test_AssignLeave" tests="1" failures="0" timestamp="12 Dec 2020 06:34:48 GMT" time="9.717" errors="0">
  <testcase name="Test_AssignLeave" time="9.717" classname="Tests.Tests.Dashboard.Test_AssignLeave"/>
</testsuite> <!-- Tests.Tests.Dashboard.Test_AssignLeave -->
