<?xml version="1.0" encoding="UTF-8"?>
<!-- Generated by org.testng.reporters.JUnitReportReporter -->
<testsuite skipped="0" hostname="DEDDFK5H2" name="Tests.Tests.Dashboard.Test_AssignLeave" tests="1" failures="0" timestamp="16 Jul 2020 05:29:42 GMT" time="6.552" errors="0">
  <testcase name="Test_AssignLeave" time="6.552" classname="Tests.Tests.Dashboard.Test_AssignLeave"/>
</testsuite> <!-- Tests.Tests.Dashboard.Test_AssignLeave -->
