<?xml version="1.0" encoding="UTF-8"?>
<!-- Generated by org.testng.reporters.JUnitReportReporter -->
<testsuite skipped="0" hostname="DEDDFK5H2" name="Tests.Test_LoginInvalid_NoUser" tests="1" failures="0" timestamp="11 Jul 2020 04:04:27 GMT" time="1.925" errors="0">
  <testcase name="TestLogin" time="1.925" classname="Tests.Test_LoginInvalid_NoUser"/>
</testsuite> <!-- Tests.Test_LoginInvalid_NoUser -->
