<?xml version="1.0" encoding="UTF-8"?>
<!-- Generated by org.testng.reporters.JUnitReportReporter -->
<testsuite skipped="0" hostname="DEDDFK5H2" name="Tests.Login.Test_LoginValid" tests="1" failures="0" timestamp="27 Aug 2020 04:13:46 GMT" time="5.068" errors="0">
  <testcase name="TestLogin" time="5.068" classname="Tests.Login.Test_LoginValid"/>
</testsuite> <!-- Tests.Login.Test_LoginValid -->
