<?xml version="1.0" encoding="UTF-8"?>
<!-- Generated by org.testng.reporters.JUnitReportReporter -->
<testsuite skipped="0" hostname="DEDDFK5H2" name="Tests.Login.Test_Login_ForgotPassword_Cancel" tests="1" failures="0" timestamp="11 Dec 2020 23:12:44 GMT" time="5.110" errors="0">
  <testcase name="TestLogin" time="5.110" classname="Tests.Login.Test_Login_ForgotPassword_Cancel"/>
</testsuite> <!-- Tests.Login.Test_Login_ForgotPassword_Cancel -->
