<?xml version="1.0" encoding="UTF-8"?>
<!-- Generated by org.testng.reporters.JUnitReportReporter -->
<testsuite skipped="0" hostname="DEDDFK5H2" name="Tests.Test_Login_ForgotPassword_Cancel" tests="1" failures="0" timestamp="11 Jul 2020 04:04:27 GMT" time="3.371" errors="0">
  <testcase name="TestLogin" time="3.371" classname="Tests.Test_Login_ForgotPassword_Cancel"/>
</testsuite> <!-- Tests.Test_Login_ForgotPassword_Cancel -->
