<?xml version="1.0" encoding="UTF-8"?>
<!-- Generated by org.testng.reporters.JUnitReportReporter -->
<testsuite skipped="0" hostname="DEDDFK5H2" name="Tests.Tests.Dashboard.Test_ApproveLeave" tests="1" failures="0" timestamp="12 Dec 2020 06:34:48 GMT" time="10.072" errors="0">
  <testcase name="Test_ApproveLeave" time="10.072" classname="Tests.Tests.Dashboard.Test_ApproveLeave"/>
</testsuite> <!-- Tests.Tests.Dashboard.Test_ApproveLeave -->
