<?xml version="1.0" encoding="UTF-8"?>
<!-- Generated by org.testng.reporters.JUnitReportReporter -->
<testsuite skipped="0" hostname="DEDDFK5H2" name="Tests.Login.Test_LoginValid" tests="1" failures="0" timestamp="12 Dec 2020 06:34:48 GMT" time="6.193" errors="0">
  <testcase name="TestLogin" time="6.193" classname="Tests.Login.Test_LoginValid"/>
</testsuite> <!-- Tests.Login.Test_LoginValid -->
