<?xml version="1.0" encoding="UTF-8"?>
<!-- Generated by org.testng.reporters.JUnitReportReporter -->
<testsuite skipped="0" hostname="DEDDFK5H2" name="Tests.Login.Test_LoginInvalid_NoPassword" tests="1" failures="0" timestamp="25 Aug 2020 23:14:48 GMT" time="1.945" errors="0">
  <testcase name="TestLogin" time="1.945" classname="Tests.Login.Test_LoginInvalid_NoPassword"/>
</testsuite> <!-- Tests.Login.Test_LoginInvalid_NoPassword -->
