<?xml version="1.0" encoding="UTF-8"?>
<!-- Generated by org.testng.reporters.JUnitReportReporter -->
<testsuite skipped="0" hostname="DEDDFK5H2" name="Tests.Test_LoginValid" tests="1" failures="0" timestamp="11 Jul 2020 04:04:27 GMT" time="4.151" errors="0">
  <testcase name="TestLogin" time="4.151" classname="Tests.Test_LoginValid"/>
</testsuite> <!-- Tests.Test_LoginValid -->
