<?xml version="1.0" encoding="UTF-8"?>
<!-- Generated by org.testng.reporters.JUnitReportReporter -->
<testsuite skipped="0" hostname="DEDDFK5H2" name="Tests.Login.Test_LoginInvalid_UserorPasswordIncorrect" tests="1" failures="0" timestamp="27 Aug 2020 04:03:53 GMT" time="3.600" errors="0">
  <testcase name="TestLogin" time="3.600" classname="Tests.Login.Test_LoginInvalid_UserorPasswordIncorrect"/>
</testsuite> <!-- Tests.Login.Test_LoginInvalid_UserorPasswordIncorrect -->
